INFO:root:button_number_box: 2
INFO:root:button_number_box2: 2
INFO:root:calibration_end_box1: 4.8
INFO:root:calibration_end_box2: 4.8
INFO:root:calibration_start_box1: 0.4
INFO:root:calibration_start_box2: 0.4
INFO:root:distance_const_box_1: 1
INFO:root:distance_const_box_2: 1
INFO:root:doubleSpinBox: 0
INFO:root:end_value_box: 99.99
INFO:root:end_value_box2: 99.99
INFO:root:first_button_box: 2
INFO:root:inf_line_box1: false
INFO:root:inf_line_box2: false
INFO:root:interpolation_value: 5
INFO:root:ip1: 192
INFO:root:ip2: 168
INFO:root:ip3: 1
INFO:root:ip4: 1
INFO:root:last_values1: 1500
INFO:root:last_values2: 500
INFO:root:lim_distance_box1: 26
INFO:root:lim_distance_box2: 30
INFO:root:lineEdit_2: 
INFO:root:lineEdit_7: 
INFO:root:lineEdit_9: 
INFO:root:log_y_box1: false
INFO:root:log_y_box2: false
INFO:root:norm_mes_end_box1: 1.8
INFO:root:norm_mes_end_box2: 1.8
INFO:root:norm_mes_start_box1: 0.16
INFO:root:norm_mes_start_box2: 0.16
INFO:root:null_button_box: 0
INFO:root:null_button_box2: 0
INFO:root:offset_edit: 0
INFO:root:only_changes_sine_box: true
INFO:root:qt_spinbox_lineedit: 1500
INFO:root:recport: 9090
INFO:root:senport: 9091
INFO:root:shifts_edit: 1280
INFO:root:sound_bar_end_box: 99.99
INFO:root:sound_bar_start_box: 99.99
INFO:root:spinBox_2: 0
INFO:root:sps_edit: 16
INFO:root:sr_edit: 2
INFO:root:start_value_box: 99.99
INFO:root:start_value_box2: 99.99
